0 info it worked if it ends with ok
1 verbose cli [ 'E:\\angular\\nodejs\\node.exe',
1 verbose cli   'E:\\angular\\nodejs\\node_modules\\npm\\bin\\npm-cli.js',
1 verbose cli   'run',
1 verbose cli   'build' ]
2 info using npm@3.10.10
3 info using node@v6.10.0
4 verbose run-script [ 'prebuild', 'build', 'postbuild' ]
5 info lifecycle hitechshop@0.0.20~prebuild: hitechshop@0.0.20
6 silly lifecycle hitechshop@0.0.20~prebuild: no script for prebuild, continuing
7 info lifecycle hitechshop@0.0.20~build: hitechshop@0.0.20
8 verbose lifecycle hitechshop@0.0.20~build: unsafe-perm in lifecycle true
9 verbose lifecycle hitechshop@0.0.20~build: PATH: E:\angular\nodejs\node_modules\npm\bin\node-gyp-bin;Z:\home\brainbasket.com\shop\node_modules\.bin;C:\Program Files (x86)\Embarcadero\Studio\18.0\bin;C:\Users\Public\Documents\Embarcadero\Studio\18.0\Bpl;C:\Program Files (x86)\Embarcadero\Studio\18.0\bin64;C:\Users\Public\Documents\Embarcadero\Studio\18.0\Bpl\Win64;C:\Users\dobrivechir\bin\Sencha\Cmd\5.1.3.61;C:\Users\dobrivechir\bin\Sencha\Cmd\5.0.2.250;C:\Programme\Java\jdk1.8.0_60\bin;C:\WinAVR-20070525\bin;C:\WinAVR-20070525\utils\bin;C:\oraclexe\app\oracle\product\10.2.0\server\bin;C:\XEClient\bin;C:\Program Files (x86)\AMD APP\bin\x86_64;C:\Program Files (x86)\AMD APP\bin\x86;C:\Windows\system32;C:\Windows;C:\Windows\System32\Wbem;C:\Windows\System32\WindowsPowerShell\v1.0\;C:\Program Files (x86)\ATI Technologies\ATI.ACE\Core-Static;C:\Program Files\7-Zip;C:\Programme\apache-ant-1.9.6\bin;C:\Programme\apache-maven-3.3.3\bin;C:\Program Files\TortoiseSVN\bin;C:\Go\bin;C:\Program Files\TortoiseHg\;C:\Program Files\Microsoft SQL Server\110\Tools\Binn\;C:\Program Files (x86)\Microsoft SQL Server\110\Tools\Binn\ManagementStudio\;C:\Program Files (x86)\Microsoft SQL Server\110\Tools\Binn\;C:\Program Files (x86)\Microsoft SQL Server\110\DTS\Binn\;C:\Program Files (x86)\Microsoft SQL Server\100\Tools\Binn\;C:\Program Files\Microsoft SQL Server\100\Tools\Binn\;C:\Program Files\Microsoft SQL Server\100\DTS\Binn\;C:\Program Files\Microsoft\Web Platform Installer\;C:\Program Files (x86)\Microsoft ASP.NET\ASP.NET Web Pages\v1.0\;C:\Program Files\VDownloader;D:\MinGW\bin;C:\Program Files (x86)\Microsoft Team Foundation Server 2010 Power Tools\;C:\Program Files (x86)\Microsoft Team Foundation Server 2010 Power Tools\Best Practices Analyzer\;D:\AGAT\atmel\winavr\bin;D:\AGAT\atmel\winavr\utils\bin;C:\Program Files (x86)\Microsoft SQL Server\110\Tools\Binn\ManagementStudio\;C:\Program Files (x86)\Microsoft SQL Server\110\Tools\Binn\;C:\Program Files\Microsoft SQL Server\110\Tools\Binn\;C:\Program Files (x86)\Microsoft SQL Server\110\DTS\Binn\;C:\Ruby21\bin\;C:\Programme\postgre\bin;C:\Windows\system32\config\systemprofile\.dnx\bin;C:\Program Files\Microsoft DNX\Dnvm\;E:\angular\nodejs\;C:\Program Files (x86)\Skype\Phone\;C:\Program Files\Git\cmd;C:\Program Files (x86)\Atmel\sam-ba_2.12\drv\;C:\Program Files (x86)\Atmel\sam-ba_2.12;C:\Program Files (x86)\Atmel\Flip 3.4.7\bin;C:\Users\админ\AppData\Roaming\npm;C:\Users\админ\AppData\Local\atom\bin
10 verbose lifecycle hitechshop@0.0.20~build: CWD: Z:\home\brainbasket.com\shop
11 silly lifecycle hitechshop@0.0.20~build: Args: [ '/d /s /c', 'webpack --config webpack.config.js' ]
12 silly lifecycle hitechshop@0.0.20~build: Returned: code: 2  signal: null
13 info lifecycle hitechshop@0.0.20~build: Failed to exec build script
14 verbose stack Error: hitechshop@0.0.20 build: `webpack --config webpack.config.js`
14 verbose stack Exit status 2
14 verbose stack     at EventEmitter.<anonymous> (E:\angular\nodejs\node_modules\npm\lib\utils\lifecycle.js:255:16)
14 verbose stack     at emitTwo (events.js:106:13)
14 verbose stack     at EventEmitter.emit (events.js:191:7)
14 verbose stack     at ChildProcess.<anonymous> (E:\angular\nodejs\node_modules\npm\lib\utils\spawn.js:40:14)
14 verbose stack     at emitTwo (events.js:106:13)
14 verbose stack     at ChildProcess.emit (events.js:191:7)
14 verbose stack     at maybeClose (internal/child_process.js:877:16)
14 verbose stack     at Process.ChildProcess._handle.onexit (internal/child_process.js:226:5)
15 verbose pkgid hitechshop@0.0.20
16 verbose cwd Z:\home\brainbasket.com\shop\app
17 error Windows_NT 6.1.7601
18 error argv "E:\\angular\\nodejs\\node.exe" "E:\\angular\\nodejs\\node_modules\\npm\\bin\\npm-cli.js" "run" "build"
19 error node v6.10.0
20 error npm  v3.10.10
21 error code ELIFECYCLE
22 error hitechshop@0.0.20 build: `webpack --config webpack.config.js`
22 error Exit status 2
23 error Failed at the hitechshop@0.0.20 build script 'webpack --config webpack.config.js'.
23 error Make sure you have the latest version of node.js and npm installed.
23 error If you do, this is most likely a problem with the hitechshop package,
23 error not with npm itself.
23 error Tell the author that this fails on your system:
23 error     webpack --config webpack.config.js
23 error You can get information on how to open an issue for this project with:
23 error     npm bugs hitechshop
23 error Or if that isn't available, you can get their info via:
23 error     npm owner ls hitechshop
23 error There is likely additional logging output above.
24 verbose exit [ 1, true ]
